[debug] [2025-07-14T10:09:52.888Z] ----------------------------------------------------------------------
[debug] [2025-07-14T10:09:52.910Z] Command:       /data/data/com.termux/files/usr/bin/node /data/data/com.termux/files/usr/bin/firebase init
[debug] [2025-07-14T10:09:52.911Z] CLI Version:   14.10.1
[debug] [2025-07-14T10:09:52.911Z] Platform:      android
[debug] [2025-07-14T10:09:52.912Z] Node Version:  v24.4.0
[debug] [2025-07-14T10:09:52.912Z] Time:          Mon Jul 14 2025 11:09:52 GMT+0100 (West Africa Standard Time)
[debug] [2025-07-14T10:09:52.912Z] ----------------------------------------------------------------------
[debug] 
[debug] [2025-07-14T10:09:52.933Z] > command requires scopes: ["email","openid","https://www.googleapis.com/auth/cloudplatformprojects.readonly","https://www.googleapis.com/auth/firebase","https://www.googleapis.com/auth/cloud-platform"]
[debug] [2025-07-14T10:09:52.934Z] > authorizing via signed-in user (bigbadoo09@gmail.com)
[info] 
     ######## #### ########  ######## ########     ###     ######  ########
     ##        ##  ##     ## ##       ##     ##  ##   ##  ##       ##
     ######    ##  ########  ######   ########  #########  ######  ######
     ##        ##  ##    ##  ##       ##     ## ##     ##       ## ##
     ##       #### ##     ## ######## ########  ##     ##  ######  ########

You're about to initialize a Firebase project in this directory:

  /storage/emulated/0/socialboost

Before we get started, keep in mind:

  * You are currently outside your home directory

[info] 
=== Project Setup
[info] 
[info] First, let's associate this project directory with a Firebase project.
[info] You can create multiple project aliases by running firebase use --add, 
[info] but for now we'll just set up a default project.
[info] 
[debug] [2025-07-14T10:58:34.630Z] Checked if tokens are valid: false, expires at: 1752490725274
[debug] [2025-07-14T10:58:34.644Z] Checked if tokens are valid: false, expires at: 1752490725274
[debug] [2025-07-14T10:58:34.647Z] > refreshing access token with scopes: []
[debug] [2025-07-14T10:58:34.677Z] >>> [apiv2][query] POST https://www.googleapis.com/oauth2/v3/token [none]
[debug] [2025-07-14T10:58:34.678Z] >>> [apiv2][body] POST https://www.googleapis.com/oauth2/v3/token [omitted]
[debug] [2025-07-14T10:58:35.628Z] <<< [apiv2][status] POST https://www.googleapis.com/oauth2/v3/token 200
[debug] [2025-07-14T10:58:35.629Z] <<< [apiv2][body] POST https://www.googleapis.com/oauth2/v3/token [omitted]
[debug] [2025-07-14T10:58:35.653Z] >>> [apiv2][query] GET https://firebase.googleapis.com/v1beta1/projects pageSize=100
[debug] [2025-07-14T10:58:38.063Z] <<< [apiv2][status] GET https://firebase.googleapis.com/v1beta1/projects 200
[debug] [2025-07-14T10:58:38.065Z] <<< [apiv2][body] GET https://firebase.googleapis.com/v1beta1/projects [omitted]
[info] i  Using project social-boost-95374 (Social boost ) 
[info] 
=== Hosting Setup
[debug] [2025-07-14T11:03:58.120Z] Checked if tokens are valid: true, expires at: 1752494314631
[debug] [2025-07-14T11:03:58.126Z] Checked if tokens are valid: true, expires at: 1752494314631
[debug] [2025-07-14T11:03:58.127Z] >>> [apiv2][query] GET https://firebase.googleapis.com/v1beta1/projects/social-boost-95374 [none]
[debug] [2025-07-14T11:03:59.300Z] <<< [apiv2][status] GET https://firebase.googleapis.com/v1beta1/projects/social-boost-95374 200
[debug] [2025-07-14T11:03:59.304Z] <<< [apiv2][body] GET https://firebase.googleapis.com/v1beta1/projects/social-boost-95374 {"projectId":"social-boost-95374","projectNumber":"122872714299","displayName":"Social boost ","name":"projects/social-boost-95374","resources":{"hostingSite":"social-boost-95374"},"state":"ACTIVE","etag":"1_0b04d5a9-287e-46e6-9e67-f4ba466299ee"}
[info] 
[info] Your public directory is the folder (relative to your project directory) that
[info] will contain Hosting assets to be uploaded with firebase deploy. If you
[info] have a build process for your assets, use your build's output directory.
[info] 
